<?xml version="1.0" encoding="UTF-8"?>
<coverage generated="1669761918">
  <project timestamp="1669761918">
    <file name="C:\laragon\www\todo_sf5\src\Controller\DefaultController.php">
      <class name="App\Controller\DefaultController" namespace="global">
        <metrics complexity="1" methods="1" coveredmethods="1" conditionals="0" coveredconditionals="0" statements="1" coveredstatements="1" elements="2" coveredelements="2"/>
      </class>
      <line num="13" type="method" name="index" visibility="public" complexity="1" crap="1" count="2"/>
      <line num="16" type="stmt" count="2"/>
      <metrics loc="19" ncloc="19" classes="1" methods="1" coveredmethods="1" conditionals="0" coveredconditionals="0" statements="1" coveredstatements="1" elements="2" coveredelements="2"/>
    </file>
    <file name="C:\laragon\www\todo_sf5\src\Controller\SecurityController.php">
      <class name="App\Controller\SecurityController" namespace="global">
        <metrics complexity="3" methods="1" coveredmethods="1" conditionals="0" coveredconditionals="0" statements="3" coveredstatements="3" elements="4" coveredelements="4"/>
      </class>
      <line num="14" type="method" name="login" visibility="public" complexity="1" crap="1" count="4"/>
      <line num="17" type="stmt" count="4"/>
      <line num="18" type="stmt" count="4"/>
      <line num="20" type="stmt" count="4"/>
      <metrics loc="38" ncloc="36" classes="1" methods="1" coveredmethods="1" conditionals="0" coveredconditionals="0" statements="3" coveredstatements="3" elements="4" coveredelements="4"/>
    </file>
    <file name="C:\laragon\www\todo_sf5\src\Controller\TaskController.php">
      <class name="App\Controller\TaskController" namespace="global">
        <metrics complexity="9" methods="5" coveredmethods="5" conditionals="0" coveredconditionals="0" statements="26" coveredstatements="26" elements="31" coveredelements="31"/>
      </class>
      <line num="21" type="method" name="list" visibility="public" complexity="1" crap="1" count="3"/>
      <line num="24" type="stmt" count="3"/>
      <line num="25" type="stmt" count="3"/>
      <line num="28" type="stmt" count="3"/>
      <line num="37" type="method" name="create" visibility="public" complexity="3" crap="3" count="2"/>
      <line num="40" type="stmt" count="2"/>
      <line num="41" type="stmt" count="2"/>
      <line num="43" type="stmt" count="2"/>
      <line num="45" type="stmt" count="2"/>
      <line num="46" type="stmt" count="1"/>
      <line num="47" type="stmt" count="1"/>
      <line num="49" type="stmt" count="1"/>
      <line num="51" type="stmt" count="1"/>
      <line num="54" type="stmt" count="2"/>
      <line num="61" type="method" name="edit" visibility="public" complexity="3" crap="3" count="3"/>
      <line num="64" type="stmt" count="3"/>
      <line num="66" type="stmt" count="3"/>
      <line num="68" type="stmt" count="3"/>
      <line num="69" type="stmt" count="2"/>
      <line num="71" type="stmt" count="2"/>
      <line num="73" type="stmt" count="2"/>
      <line num="76" type="stmt" count="3"/>
      <line num="82" type="method" name="toggleTask" visibility="public" complexity="1" crap="1" count="1"/>
      <line num="85" type="stmt" count="1"/>
      <line num="86" type="stmt" count="1"/>
      <line num="88" type="stmt" count="1"/>
      <line num="90" type="stmt" count="1"/>
      <line num="97" type="method" name="deleteTask" visibility="public" complexity="1" crap="1" count="2"/>
      <line num="101" type="stmt" count="2"/>
      <line num="103" type="stmt" count="2"/>
      <line num="105" type="stmt" count="2"/>
      <metrics loc="108" ncloc="96" classes="1" methods="5" coveredmethods="5" conditionals="0" coveredconditionals="0" statements="26" coveredstatements="26" elements="31" coveredelements="31"/>
    </file>
    <file name="C:\laragon\www\todo_sf5\src\Controller\UserController.php">
      <class name="App\Controller\UserController" namespace="global">
        <metrics complexity="7" methods="3" coveredmethods="3" conditionals="0" coveredconditionals="0" statements="23" coveredstatements="23" elements="26" coveredelements="26"/>
      </class>
      <line num="18" type="method" name="list" visibility="public" complexity="1" crap="1" count="1"/>
      <line num="21" type="stmt" count="1"/>
      <line num="22" type="stmt" count="1"/>
      <line num="25" type="stmt" count="1"/>
      <line num="30" type="method" name="create" visibility="public" complexity="3" crap="3" count="1"/>
      <line num="33" type="stmt" count="1"/>
      <line num="34" type="stmt" count="1"/>
      <line num="38" type="stmt" count="1"/>
      <line num="40" type="stmt" count="1"/>
      <line num="42" type="stmt" count="1"/>
      <line num="43" type="stmt" count="1"/>
      <line num="45" type="stmt" count="1"/>
      <line num="49" type="stmt" count="1"/>
      <line num="50" type="stmt" count="1"/>
      <line num="52" type="stmt" count="1"/>
      <line num="54" type="stmt" count="1"/>
      <line num="57" type="stmt" count="1"/>
      <line num="60" type="method" name="edit" visibility="public" complexity="3" crap="3" count="3"/>
      <line num="63" type="stmt" count="3"/>
      <line num="67" type="stmt" count="3"/>
      <line num="69" type="stmt" count="3"/>
      <line num="70" type="stmt" count="3"/>
      <line num="71" type="stmt" count="3"/>
      <line num="73" type="stmt" count="3"/>
      <line num="75" type="stmt" count="3"/>
      <line num="78" type="stmt" count="3"/>
      <metrics loc="81" ncloc="80" classes="1" methods="3" coveredmethods="3" conditionals="0" coveredconditionals="0" statements="23" coveredstatements="23" elements="26" coveredelements="26"/>
    </file>
    <file name="C:\laragon\www\todo_sf5\src\Entity\Task.php">
      <class name="App\Entity\Task" namespace="global">
        <metrics complexity="13" methods="13" coveredmethods="10" conditionals="0" coveredconditionals="0" statements="19" coveredstatements="16" elements="32" coveredelements="26"/>
      </class>
      <line num="51" type="method" name="__construct" visibility="public" complexity="1" crap="1" count="12"/>
      <line num="53" type="stmt" count="12"/>
      <line num="54" type="stmt" count="12"/>
      <line num="57" type="method" name="getId" visibility="public" complexity="1" crap="2" count="0"/>
      <line num="59" type="stmt" count="0"/>
      <line num="62" type="method" name="getCreatedAt" visibility="public" complexity="1" crap="2" count="0"/>
      <line num="64" type="stmt" count="0"/>
      <line num="67" type="method" name="setCreatedAt" visibility="public" complexity="1" crap="1" count="2"/>
      <line num="69" type="stmt" count="2"/>
      <line num="71" type="stmt" count="2"/>
      <line num="74" type="method" name="getTitle" visibility="public" complexity="1" crap="1" count="5"/>
      <line num="76" type="stmt" count="5"/>
      <line num="79" type="method" name="setTitle" visibility="public" complexity="1" crap="1" count="12"/>
      <line num="81" type="stmt" count="12"/>
      <line num="83" type="stmt" count="12"/>
      <line num="86" type="method" name="getContent" visibility="public" complexity="1" crap="1" count="5"/>
      <line num="88" type="stmt" count="5"/>
      <line num="91" type="method" name="setContent" visibility="public" complexity="1" crap="1" count="12"/>
      <line num="93" type="stmt" count="12"/>
      <line num="95" type="stmt" count="12"/>
      <line num="98" type="method" name="isDone" visibility="public" complexity="1" crap="1" count="12"/>
      <line num="100" type="stmt" count="12"/>
      <line num="103" type="method" name="toggle" visibility="public" complexity="1" crap="1" count="1"/>
      <line num="105" type="stmt" count="1"/>
      <line num="107" type="stmt" count="1"/>
      <line num="110" type="method" name="getAuthor" visibility="public" complexity="1" crap="1" count="1"/>
      <line num="112" type="stmt" count="1"/>
      <line num="115" type="method" name="setAuthor" visibility="public" complexity="1" crap="1" count="1"/>
      <line num="117" type="stmt" count="1"/>
      <line num="119" type="stmt" count="1"/>
      <line num="122" type="method" name="__toString" visibility="public" complexity="1" crap="2" count="0"/>
      <line num="124" type="stmt" count="0"/>
      <metrics loc="127" ncloc="100" classes="1" methods="13" coveredmethods="10" conditionals="0" coveredconditionals="0" statements="19" coveredstatements="16" elements="32" coveredelements="26"/>
    </file>
    <file name="C:\laragon\www\todo_sf5\src\Entity\User.php">
      <class name="App\Entity\User" namespace="global">
        <metrics complexity="20" methods="16" coveredmethods="14" conditionals="0" coveredconditionals="0" statements="28" coveredstatements="26" elements="44" coveredelements="40"/>
      </class>
      <line num="57" type="method" name="__construct" visibility="public" complexity="1" crap="1" count="7"/>
      <line num="59" type="stmt" count="7"/>
      <line num="62" type="method" name="getId" visibility="public" complexity="1" crap="2" count="0"/>
      <line num="64" type="stmt" count="0"/>
      <line num="67" type="method" name="getUsername" visibility="public" complexity="1" crap="1" count="1"/>
      <line num="69" type="stmt" count="1"/>
      <line num="72" type="method" name="setUsername" visibility="public" complexity="1" crap="1" count="7"/>
      <line num="74" type="stmt" count="7"/>
      <line num="76" type="stmt" count="7"/>
      <line num="79" type="method" name="getSalt" visibility="public" complexity="1" crap="1" count="6"/>
      <line num="81" type="stmt" count="6"/>
      <line num="87" type="method" name="getPassword" visibility="public" complexity="1" crap="1" count="1"/>
      <line num="89" type="stmt" count="1"/>
      <line num="92" type="method" name="setPassword" visibility="public" complexity="1" crap="1" count="7"/>
      <line num="94" type="stmt" count="7"/>
      <line num="96" type="stmt" count="7"/>
      <line num="99" type="method" name="getEmail" visibility="public" complexity="1" crap="1" count="1"/>
      <line num="101" type="stmt" count="1"/>
      <line num="104" type="method" name="setEmail" visibility="public" complexity="1" crap="1" count="7"/>
      <line num="106" type="stmt" count="7"/>
      <line num="108" type="stmt" count="7"/>
      <line num="114" type="method" name="getRoles" visibility="public" complexity="1" crap="1" count="1"/>
      <line num="116" type="stmt" count="1"/>
      <line num="118" type="stmt" count="1"/>
      <line num="120" type="stmt" count="1"/>
      <line num="137" type="method" name="getUserIdentifier" visibility="public" complexity="1" crap="1" count="1"/>
      <line num="139" type="stmt" count="1"/>
      <line num="142" type="method" name="setRoles" visibility="public" complexity="1" crap="1" count="7"/>
      <line num="144" type="stmt" count="7"/>
      <line num="146" type="stmt" count="7"/>
      <line num="153" type="method" name="getTasks" visibility="public" complexity="1" crap="1" count="1"/>
      <line num="155" type="stmt" count="1"/>
      <line num="158" type="method" name="addTask" visibility="public" complexity="2" crap="2" count="1"/>
      <line num="160" type="stmt" count="1"/>
      <line num="161" type="stmt" count="1"/>
      <line num="162" type="stmt" count="1"/>
      <line num="165" type="stmt" count="1"/>
      <line num="168" type="method" name="removeTask" visibility="public" complexity="3" crap="3" count="1"/>
      <line num="170" type="stmt" count="1"/>
      <line num="172" type="stmt" count="1"/>
      <line num="173" type="stmt" count="1"/>
      <line num="177" type="stmt" count="1"/>
      <line num="180" type="method" name="__toString" visibility="public" complexity="1" crap="2" count="0"/>
      <line num="182" type="stmt" count="0"/>
      <metrics loc="185" ncloc="136" classes="1" methods="16" coveredmethods="14" conditionals="0" coveredconditionals="0" statements="28" coveredstatements="26" elements="44" coveredelements="40"/>
    </file>
    <file name="C:\laragon\www\todo_sf5\src\Form\TaskType.php">
      <class name="App\Form\TaskType" namespace="global">
        <metrics complexity="2" methods="2" coveredmethods="0" conditionals="0" coveredconditionals="0" statements="3" coveredstatements="0" elements="5" coveredelements="0"/>
      </class>
      <line num="15" type="method" name="buildForm" visibility="public" complexity="1" crap="2" count="0"/>
      <line num="18" type="stmt" count="0"/>
      <line num="19" type="stmt" count="0"/>
      <line num="23" type="method" name="configureOptions" visibility="public" complexity="1" crap="2" count="0"/>
      <line num="25" type="stmt" count="0"/>
      <metrics loc="30" ncloc="30" classes="1" methods="2" coveredmethods="0" conditionals="0" coveredconditionals="0" statements="3" coveredstatements="0" elements="5" coveredelements="0"/>
    </file>
    <file name="C:\laragon\www\todo_sf5\src\Form\UserType.php">
      <class name="App\Form\UserType" namespace="global">
        <metrics complexity="9" methods="4" coveredmethods="0" conditionals="0" coveredconditionals="0" statements="25" coveredstatements="0" elements="29" coveredelements="0"/>
      </class>
      <line num="23" type="method" name="__construct" visibility="public" complexity="1" crap="2" count="0"/>
      <line num="27" type="method" name="buildForm" visibility="public" complexity="3" crap="12" count="0"/>
      <line num="30" type="stmt" count="0"/>
      <line num="33" type="stmt" count="0"/>
      <line num="36" type="stmt" count="0"/>
      <line num="40" type="stmt" count="0"/>
      <line num="41" type="stmt" count="0"/>
      <line num="42" type="stmt" count="0"/>
      <line num="49" type="stmt" count="0"/>
      <line num="50" type="stmt" count="0"/>
      <line num="51" type="stmt" count="0"/>
      <line num="52" type="stmt" count="0"/>
      <line num="54" type="stmt" count="0"/>
      <line num="56" type="stmt" count="0"/>
      <line num="57" type="stmt" count="0"/>
      <line num="60" type="stmt" count="0"/>
      <line num="62" type="stmt" count="0"/>
      <line num="67" type="method" name="onPostSetData" visibility="public" complexity="4" crap="20" count="0"/>
      <line num="69" type="stmt" count="0"/>
      <line num="70" type="stmt" count="0"/>
      <line num="71" type="stmt" count="0"/>
      <line num="72" type="stmt" count="0"/>
      <line num="73" type="stmt" count="0"/>
      <line num="74" type="stmt" count="0"/>
      <line num="77" type="stmt" count="0"/>
      <line num="81" type="method" name="configureOptions" visibility="public" complexity="1" crap="2" count="0"/>
      <line num="83" type="stmt" count="0"/>
      <line num="87" type="stmt" count="0"/>
      <metrics loc="90" ncloc="90" classes="1" methods="4" coveredmethods="0" conditionals="0" coveredconditionals="0" statements="25" coveredstatements="0" elements="29" coveredelements="0"/>
    </file>
    <file name="C:\laragon\www\todo_sf5\src\Repository\TaskRepository.php">
      <class name="App\Repository\TaskRepository" namespace="global">
        <metrics complexity="6" methods="2" coveredmethods="2" conditionals="0" coveredconditionals="0" statements="5" coveredstatements="5" elements="7" coveredelements="7"/>
      </class>
      <line num="21" type="method" name="__construct" visibility="public" complexity="1" crap="1" count="1"/>
      <line num="23" type="stmt" count="1"/>
      <line num="85" type="method" name="orderByStatus" visibility="public" complexity="1" crap="1" count="1"/>
      <line num="87" type="stmt" count="1"/>
      <line num="88" type="stmt" count="1"/>
      <line num="89" type="stmt" count="1"/>
      <line num="90" type="stmt" count="1"/>
      <metrics loc="94" ncloc="47" classes="1" methods="2" coveredmethods="2" conditionals="0" coveredconditionals="0" statements="5" coveredstatements="5" elements="7" coveredelements="7"/>
    </file>
    <file name="C:\laragon\www\todo_sf5\src\Repository\UserRepository.php">
      <class name="App\Repository\UserRepository" namespace="global">
        <metrics complexity="7" methods="0" coveredmethods="0" conditionals="0" coveredconditionals="0" statements="0" coveredstatements="0" elements="0" coveredelements="0"/>
      </class>
      <metrics loc="97" ncloc="52" classes="0" methods="0" coveredmethods="0" conditionals="0" coveredconditionals="0" statements="0" coveredstatements="0" elements="0" coveredelements="0"/>
    </file>
    <file name="C:\laragon\www\todo_sf5\src\Security\Voter\TaskVoter.php">
      <class name="App\Security\Voter\TaskVoter" namespace="global">
        <metrics complexity="9" methods="3" coveredmethods="2" conditionals="0" coveredconditionals="0" statements="12" coveredstatements="2" elements="15" coveredelements="4"/>
      </class>
      <line num="18" type="method" name="__construct" visibility="public" complexity="1" crap="1" count="4"/>
      <line num="20" type="stmt" count="4"/>
      <line num="23" type="method" name="supports" visibility="protected" complexity="2" crap="2" count="4"/>
      <line num="25" type="stmt" count="4"/>
      <line num="32" type="method" name="voteOnAttribute" visibility="protected" complexity="6" crap="42" count="0"/>
      <line num="34" type="stmt" count="0"/>
      <line num="36" type="stmt" count="0"/>
      <line num="37" type="stmt" count="0"/>
      <line num="42" type="stmt" count="0"/>
      <line num="44" type="stmt" count="0"/>
      <line num="45" type="stmt" count="0"/>
      <line num="48" type="stmt" count="0"/>
      <line num="49" type="stmt" count="0"/>
      <line num="51" type="stmt" count="0"/>
      <line num="54" type="stmt" count="0"/>
      <metrics loc="57" ncloc="50" classes="1" methods="3" coveredmethods="2" conditionals="0" coveredconditionals="0" statements="12" coveredstatements="2" elements="15" coveredelements="4"/>
    </file>
    <metrics files="11" loc="926" ncloc="736" classes="10" methods="50" coveredmethods="38" conditionals="0" coveredconditionals="0" statements="145" coveredstatements="102" elements="195" coveredelements="140"/>
  </project>
</coverage>
